0 info it worked if it ends with ok
1 verbose cli [ '/Users/WALTER/.nvm/versions/node/v6.2.0/bin/node',
1 verbose cli   '/Users/WALTER/.nvm/versions/node/v6.2.0/bin/npm',
1 verbose cli   'start' ]
2 info using npm@3.8.9
3 info using node@v6.2.0
4 verbose run-script [ 'prestart', 'start', 'poststart' ]
5 info lifecycle story.u@0.0.1~prestart: story.u@0.0.1
6 silly lifecycle story.u@0.0.1~prestart: no script for prestart, continuing
7 info lifecycle story.u@0.0.1~start: story.u@0.0.1
8 verbose lifecycle story.u@0.0.1~start: unsafe-perm in lifecycle true
9 verbose lifecycle story.u@0.0.1~start: PATH: /Users/WALTER/.nvm/versions/node/v6.2.0/lib/node_modules/npm/bin/node-gyp-bin:/Users/WALTER/Sites/Project_4/storyu/node_modules/.bin:/Users/WALTER/.nvm/versions/node/v6.2.0/bin:/Users/WALTER/.rvm/gems/ruby-2.3.1/bin:/Users/WALTER/.rvm/gems/ruby-2.3.1@global/bin:/Users/WALTER/.rvm/rubies/ruby-2.3.1/bin:/Users/WALTER/.nvm/versions/node/v6.2.0/bin:/usr/local/bin:/usr/bin:/bin:/usr/sbin:/sbin:/opt/X11/bin:/Users/WALTER/.rvm/bin:/Users/WALTER/.rvm/bin
10 verbose lifecycle story.u@0.0.1~start: CWD: /Users/WALTER/Sites/Project_4/storyu
11 silly lifecycle story.u@0.0.1~start: Args: [ '-c', 'node app/server.js' ]
12 silly lifecycle story.u@0.0.1~start: Returned: code: 1  signal: null
13 info lifecycle story.u@0.0.1~start: Failed to exec start script
14 verbose stack Error: story.u@0.0.1 start: `node app/server.js`
14 verbose stack Exit status 1
14 verbose stack     at EventEmitter.<anonymous> (/Users/WALTER/.nvm/versions/node/v6.2.0/lib/node_modules/npm/lib/utils/lifecycle.js:245:16)
14 verbose stack     at emitTwo (events.js:106:13)
14 verbose stack     at EventEmitter.emit (events.js:191:7)
14 verbose stack     at ChildProcess.<anonymous> (/Users/WALTER/.nvm/versions/node/v6.2.0/lib/node_modules/npm/lib/utils/spawn.js:24:14)
14 verbose stack     at emitTwo (events.js:106:13)
14 verbose stack     at ChildProcess.emit (events.js:191:7)
14 verbose stack     at maybeClose (internal/child_process.js:850:16)
14 verbose stack     at Process.ChildProcess._handle.onexit (internal/child_process.js:215:5)
15 verbose pkgid story.u@0.0.1
16 verbose cwd /Users/WALTER/Sites/Project_4/storyu
17 error Darwin 15.6.0
18 error argv "/Users/WALTER/.nvm/versions/node/v6.2.0/bin/node" "/Users/WALTER/.nvm/versions/node/v6.2.0/bin/npm" "start"
19 error node v6.2.0
20 error npm  v3.8.9
21 error code ELIFECYCLE
22 error story.u@0.0.1 start: `node app/server.js`
22 error Exit status 1
23 error Failed at the story.u@0.0.1 start script 'node app/server.js'.
23 error Make sure you have the latest version of node.js and npm installed.
23 error If you do, this is most likely a problem with the story.u package,
23 error not with npm itself.
23 error Tell the author that this fails on your system:
23 error     node app/server.js
23 error You can get information on how to open an issue for this project with:
23 error     npm bugs story.u
23 error Or if that isn't available, you can get their info via:
23 error     npm owner ls story.u
23 error There is likely additional logging output above.
24 verbose exit [ 1, true ]
